----------------------------------------
Timestamp: 09/03/2014 06:37:37 p.m.

Message: HandlingInstanceID: 33f576cb-2f3f-48cd-863c-02d82657a52f
An exception of type 'System.Data.SqlClient.SqlException' occurred and was caught.
----------------------------------------------------------------------------------
03/09/2014 13:37:37
Type : System.Data.SqlClient.SqlException, System.Data, Version=2.0.0.0, Culture=neutral, PublicKeyToken=b77a5c561934e089
Message : Login failed for user 'sa'.
Source : .Net SqlClient Data Provider
Help link : 
Errors : System.Data.SqlClient.SqlErrorCollection
Class : 14
LineNumber : 65536
Number : 18456
Procedure : 
Server : .
State : 1
ErrorCode : -2146232060
Data : System.Collections.ListDictionaryInternal
TargetSite : Void OnError(System.Data.SqlClient.SqlException, Boolean)
Stack Trace :    en System.Data.SqlClient.SqlInternalConnection.OnError(SqlException exception, Boolean breakConnection)
   en System.Data.SqlClient.TdsParser.ThrowExceptionAndWarning(TdsParserStateObject stateObj)
   en System.Data.SqlClient.TdsParser.Run(RunBehavior runBehavior, SqlCommand cmdHandler, SqlDataReader dataStream, BulkCopySimpleResultSet bulkCopyHandler, TdsParserStateObject stateObj)
   en System.Data.SqlClient.SqlInternalConnectionTds.CompleteLogin(Boolean enlistOK)
   en System.Data.SqlClient.SqlInternalConnectionTds.AttemptOneLogin(ServerInfo serverInfo, String newPassword, Boolean ignoreSniOpenTimeout, Int64 timerExpire, SqlConnection owningObject)
   en System.Data.SqlClient.SqlInternalConnectionTds.LoginNoFailover(String host, String newPassword, Boolean redirectedUserInstance, SqlConnection owningObject, SqlConnectionString connectionOptions, Int64 timerStart)
   en System.Data.SqlClient.SqlInternalConnectionTds.OpenLoginEnlist(SqlConnection owningObject, SqlConnectionString connectionOptions, String newPassword, Boolean redirectedUserInstance)
   en System.Data.SqlClient.SqlInternalConnectionTds..ctor(DbConnectionPoolIdentity identity, SqlConnectionString connectionOptions, Object providerInfo, String newPassword, SqlConnection owningObject, Boolean redirectedUserInstance)
   en System.Data.SqlClient.SqlConnectionFactory.CreateConnection(DbConnectionOptions options, Object poolGroupProviderInfo, DbConnectionPool pool, DbConnection owningConnection)
   en System.Data.ProviderBase.DbConnectionFactory.CreatePooledConnection(DbConnection owningConnection, DbConnectionPool pool, DbConnectionOptions options)
   en System.Data.ProviderBase.DbConnectionPool.CreateObject(DbConnection owningObject)
   en System.Data.ProviderBase.DbConnectionPool.UserCreateRequest(DbConnection owningObject)
   en System.Data.ProviderBase.DbConnectionPool.GetConnection(DbConnection owningObject)
   en System.Data.ProviderBase.DbConnectionFactory.GetConnection(DbConnection owningConnection)
   en System.Data.ProviderBase.DbConnectionClosed.OpenConnection(DbConnection outerConnection, DbConnectionFactory connectionFactory)
   en System.Data.SqlClient.SqlConnection.Open()
   en Microsoft.Practices.EnterpriseLibrary.Data.Database.GetNewOpenConnection() en e:\Builds\EntLib\Latest\Source\Blocks\Data\Src\Data\Database.cs:línea 1176
   en Microsoft.Practices.EnterpriseLibrary.Data.Database.GetWrappedConnection() en e:\Builds\EntLib\Latest\Source\Blocks\Data\Src\Data\Database.cs:línea 1200
   en Microsoft.Practices.EnterpriseLibrary.Data.Database.GetOpenConnection() en e:\Builds\EntLib\Latest\Source\Blocks\Data\Src\Data\Database.cs:línea 1191
   en Microsoft.Practices.EnterpriseLibrary.Data.Database.ExecuteReader(DbCommand command) en e:\Builds\EntLib\Latest\Source\Blocks\Data\Src\Data\Database.cs:línea 843
   en DALayer.DACanilla.selectCanillas(BECanilla canilla) en D:\Fuentes\SIDWeb\sidwebpi\SIDWeb\DALayer\DACanilla.cs:línea 39
   en BLLayer.BLCanilla.selectCanillas(BECanilla canilla) en D:\Fuentes\SIDWeb\sidwebpi\SIDWeb\BLLayer\BLCanilla.cs:línea 35

Additional Info:

MachineName : WINDOWS7-PC
TimeStamp : 09/03/2014 06:37:37 p.m.
FullName : Microsoft.Practices.EnterpriseLibrary.ExceptionHandling, Version=5.0.414.0, Culture=neutral, PublicKeyToken=31bf3856ad364e35
AppDomainName : f780e819-1-130388638480465379
ThreadIdentity : Windows7-PC\Windows  7
WindowsIdentity : Windows7-PC\Windows  7


Category: General

Priority: 0

EventId: 100

Severity: Error

Title:Enterprise Library Exception Handling

Machine: WINDOWS7-PC

App Domain: f780e819-1-130388638480465379

ProcessId: 6516

Process Name: C:\Program Files (x86)\Common Files\Microsoft Shared\DevServer\9.0\WebDev.WebServer.exe

Thread Name: 

Win32 ThreadId:4612

----------------------------------------
----------------------------------------
Timestamp: 09/03/2014 06:37:55 p.m.

Message: HandlingInstanceID: 0eec566b-44af-487e-86db-1ab90efec225
An exception of type 'System.Data.SqlClient.SqlException' occurred and was caught.
----------------------------------------------------------------------------------
03/09/2014 13:37:55
Type : System.Data.SqlClient.SqlException, System.Data, Version=2.0.0.0, Culture=neutral, PublicKeyToken=b77a5c561934e089
Message : Login failed for user 'sa'.
Source : .Net SqlClient Data Provider
Help link : 
Errors : System.Data.SqlClient.SqlErrorCollection
Class : 14
LineNumber : 65536
Number : 18456
Procedure : 
Server : .
State : 1
ErrorCode : -2146232060
Data : System.Collections.ListDictionaryInternal
TargetSite : Void OnError(System.Data.SqlClient.SqlException, Boolean)
Stack Trace :    en System.Data.SqlClient.SqlInternalConnection.OnError(SqlException exception, Boolean breakConnection)
   en System.Data.SqlClient.TdsParser.ThrowExceptionAndWarning(TdsParserStateObject stateObj)
   en System.Data.SqlClient.TdsParser.Run(RunBehavior runBehavior, SqlCommand cmdHandler, SqlDataReader dataStream, BulkCopySimpleResultSet bulkCopyHandler, TdsParserStateObject stateObj)
   en System.Data.SqlClient.SqlInternalConnectionTds.CompleteLogin(Boolean enlistOK)
   en System.Data.SqlClient.SqlInternalConnectionTds.AttemptOneLogin(ServerInfo serverInfo, String newPassword, Boolean ignoreSniOpenTimeout, Int64 timerExpire, SqlConnection owningObject)
   en System.Data.SqlClient.SqlInternalConnectionTds.LoginNoFailover(String host, String newPassword, Boolean redirectedUserInstance, SqlConnection owningObject, SqlConnectionString connectionOptions, Int64 timerStart)
   en System.Data.SqlClient.SqlInternalConnectionTds.OpenLoginEnlist(SqlConnection owningObject, SqlConnectionString connectionOptions, String newPassword, Boolean redirectedUserInstance)
   en System.Data.SqlClient.SqlInternalConnectionTds..ctor(DbConnectionPoolIdentity identity, SqlConnectionString connectionOptions, Object providerInfo, String newPassword, SqlConnection owningObject, Boolean redirectedUserInstance)
   en System.Data.SqlClient.SqlConnectionFactory.CreateConnection(DbConnectionOptions options, Object poolGroupProviderInfo, DbConnectionPool pool, DbConnection owningConnection)
   en System.Data.ProviderBase.DbConnectionFactory.CreatePooledConnection(DbConnection owningConnection, DbConnectionPool pool, DbConnectionOptions options)
   en System.Data.ProviderBase.DbConnectionPool.CreateObject(DbConnection owningObject)
   en System.Data.ProviderBase.DbConnectionPool.UserCreateRequest(DbConnection owningObject)
   en System.Data.ProviderBase.DbConnectionPool.GetConnection(DbConnection owningObject)
   en System.Data.ProviderBase.DbConnectionFactory.GetConnection(DbConnection owningConnection)
   en System.Data.ProviderBase.DbConnectionClosed.OpenConnection(DbConnection outerConnection, DbConnectionFactory connectionFactory)
   en System.Data.SqlClient.SqlConnection.Open()
   en Microsoft.Practices.EnterpriseLibrary.Data.Database.GetNewOpenConnection() en e:\Builds\EntLib\Latest\Source\Blocks\Data\Src\Data\Database.cs:línea 1176
   en Microsoft.Practices.EnterpriseLibrary.Data.Database.GetWrappedConnection() en e:\Builds\EntLib\Latest\Source\Blocks\Data\Src\Data\Database.cs:línea 1200
   en Microsoft.Practices.EnterpriseLibrary.Data.Database.GetOpenConnection() en e:\Builds\EntLib\Latest\Source\Blocks\Data\Src\Data\Database.cs:línea 1191
   en Microsoft.Practices.EnterpriseLibrary.Data.Database.ExecuteReader(DbCommand command) en e:\Builds\EntLib\Latest\Source\Blocks\Data\Src\Data\Database.cs:línea 843
   en DALayer.DACanilla.selectCanillas(BECanilla canilla) en D:\Fuentes\SIDWeb\sidwebpi\SIDWeb\DALayer\DACanilla.cs:línea 39
   en BLLayer.BLCanilla.selectCanillas(BECanilla canilla) en D:\Fuentes\SIDWeb\sidwebpi\SIDWeb\BLLayer\BLCanilla.cs:línea 35

Additional Info:

MachineName : WINDOWS7-PC
TimeStamp : 09/03/2014 06:37:55 p.m.
FullName : Microsoft.Practices.EnterpriseLibrary.ExceptionHandling, Version=5.0.414.0, Culture=neutral, PublicKeyToken=31bf3856ad364e35
AppDomainName : f780e819-1-130388638480465379
ThreadIdentity : Windows7-PC\Windows  7
WindowsIdentity : Windows7-PC\Windows  7


Category: General

Priority: 0

EventId: 100

Severity: Error

Title:Enterprise Library Exception Handling

Machine: WINDOWS7-PC

App Domain: f780e819-1-130388638480465379

ProcessId: 6516

Process Name: C:\Program Files (x86)\Common Files\Microsoft Shared\DevServer\9.0\WebDev.WebServer.exe

Thread Name: 

Win32 ThreadId:3688

----------------------------------------
----------------------------------------
Timestamp: 09/03/2014 06:38:32 p.m.

Message: HandlingInstanceID: bef8fd60-cce8-4c9f-a825-4e643d428459
An exception of type 'System.Data.SqlClient.SqlException' occurred and was caught.
----------------------------------------------------------------------------------
03/09/2014 13:38:32
Type : System.Data.SqlClient.SqlException, System.Data, Version=2.0.0.0, Culture=neutral, PublicKeyToken=b77a5c561934e089
Message : Login failed for user 'sa'.
Source : .Net SqlClient Data Provider
Help link : 
Errors : System.Data.SqlClient.SqlErrorCollection
Class : 14
LineNumber : 65536
Number : 18456
Procedure : 
Server : .
State : 1
ErrorCode : -2146232060
Data : System.Collections.ListDictionaryInternal
TargetSite : Void OnError(System.Data.SqlClient.SqlException, Boolean)
Stack Trace :    en System.Data.SqlClient.SqlInternalConnection.OnError(SqlException exception, Boolean breakConnection)
   en System.Data.SqlClient.TdsParser.ThrowExceptionAndWarning(TdsParserStateObject stateObj)
   en System.Data.SqlClient.TdsParser.Run(RunBehavior runBehavior, SqlCommand cmdHandler, SqlDataReader dataStream, BulkCopySimpleResultSet bulkCopyHandler, TdsParserStateObject stateObj)
   en System.Data.SqlClient.SqlInternalConnectionTds.CompleteLogin(Boolean enlistOK)
   en System.Data.SqlClient.SqlInternalConnectionTds.AttemptOneLogin(ServerInfo serverInfo, String newPassword, Boolean ignoreSniOpenTimeout, Int64 timerExpire, SqlConnection owningObject)
   en System.Data.SqlClient.SqlInternalConnectionTds.LoginNoFailover(String host, String newPassword, Boolean redirectedUserInstance, SqlConnection owningObject, SqlConnectionString connectionOptions, Int64 timerStart)
   en System.Data.SqlClient.SqlInternalConnectionTds.OpenLoginEnlist(SqlConnection owningObject, SqlConnectionString connectionOptions, String newPassword, Boolean redirectedUserInstance)
   en System.Data.SqlClient.SqlInternalConnectionTds..ctor(DbConnectionPoolIdentity identity, SqlConnectionString connectionOptions, Object providerInfo, String newPassword, SqlConnection owningObject, Boolean redirectedUserInstance)
   en System.Data.SqlClient.SqlConnectionFactory.CreateConnection(DbConnectionOptions options, Object poolGroupProviderInfo, DbConnectionPool pool, DbConnection owningConnection)
   en System.Data.ProviderBase.DbConnectionFactory.CreatePooledConnection(DbConnection owningConnection, DbConnectionPool pool, DbConnectionOptions options)
   en System.Data.ProviderBase.DbConnectionPool.CreateObject(DbConnection owningObject)
   en System.Data.ProviderBase.DbConnectionPool.UserCreateRequest(DbConnection owningObject)
   en System.Data.ProviderBase.DbConnectionPool.GetConnection(DbConnection owningObject)
   en System.Data.ProviderBase.DbConnectionFactory.GetConnection(DbConnection owningConnection)
   en System.Data.ProviderBase.DbConnectionClosed.OpenConnection(DbConnection outerConnection, DbConnectionFactory connectionFactory)
   en System.Data.SqlClient.SqlConnection.Open()
   en Microsoft.Practices.EnterpriseLibrary.Data.Database.GetNewOpenConnection() en e:\Builds\EntLib\Latest\Source\Blocks\Data\Src\Data\Database.cs:línea 1176
   en Microsoft.Practices.EnterpriseLibrary.Data.Database.GetWrappedConnection() en e:\Builds\EntLib\Latest\Source\Blocks\Data\Src\Data\Database.cs:línea 1200
   en Microsoft.Practices.EnterpriseLibrary.Data.Database.GetOpenConnection() en e:\Builds\EntLib\Latest\Source\Blocks\Data\Src\Data\Database.cs:línea 1191
   en Microsoft.Practices.EnterpriseLibrary.Data.Database.ExecuteReader(DbCommand command) en e:\Builds\EntLib\Latest\Source\Blocks\Data\Src\Data\Database.cs:línea 843
   en DALayer.DACanilla.selectCanillas(BECanilla canilla) en D:\Fuentes\SIDWeb\sidwebpi\SIDWeb\DALayer\DACanilla.cs:línea 39
   en BLLayer.BLCanilla.selectCanillas(BECanilla canilla) en D:\Fuentes\SIDWeb\sidwebpi\SIDWeb\BLLayer\BLCanilla.cs:línea 35

Additional Info:

MachineName : WINDOWS7-PC
TimeStamp : 09/03/2014 06:38:32 p.m.
FullName : Microsoft.Practices.EnterpriseLibrary.ExceptionHandling, Version=5.0.414.0, Culture=neutral, PublicKeyToken=31bf3856ad364e35
AppDomainName : f780e819-1-130388638480465379
ThreadIdentity : Windows7-PC\Windows  7
WindowsIdentity : Windows7-PC\Windows  7


Category: General

Priority: 0

EventId: 100

Severity: Error

Title:Enterprise Library Exception Handling

Machine: WINDOWS7-PC

App Domain: f780e819-1-130388638480465379

ProcessId: 6516

Process Name: C:\Program Files (x86)\Common Files\Microsoft Shared\DevServer\9.0\WebDev.WebServer.exe

Thread Name: 

Win32 ThreadId:7000

----------------------------------------
